<?xml version="1.0" encoding="UTF-8"?>
<testng-results ignored="0" total="1" passed="1" failed="0" skipped="0">
  <reporter-output>
  </reporter-output>
  <suite started-at="2025-10-28T15:21:45 IST" name="Default suite" finished-at="2025-10-28T15:24:42 IST" duration-ms="176831">
    <groups>
    </groups>
    <test started-at="2025-10-28T15:21:45 IST" name="Default test" finished-at="2025-10-28T15:24:42 IST" duration-ms="176831">
      <class name="com.automation.testcases.TataCliqTestCases">
        <test-method is-config="true" signature="setupreport()[pri:0, instance:com.automation.testcases.TataCliqTestCases@6200f9cb]" started-at="2025-10-28T15:21:45 IST" name="setupreport" finished-at="2025-10-28T15:21:45 IST" duration-ms="525" status="PASS">
          <reporter-output>
          </reporter-output>
        </test-method> <!-- setupreport -->
        <test-method is-config="true" signature="setUp()[pri:0, instance:com.automation.testcases.TataCliqTestCases@6200f9cb]" started-at="2025-10-28T15:21:45 IST" name="setUp" finished-at="2025-10-28T15:21:53 IST" duration-ms="8083" status="PASS">
          <reporter-output>
          </reporter-output>
        </test-method> <!-- setUp -->
        <test-method signature="executeExcelTests()[pri:0, instance:com.automation.testcases.TataCliqTestCases@6200f9cb]" started-at="2025-10-28T15:21:53 IST" name="executeExcelTests" finished-at="2025-10-28T15:24:34 IST" duration-ms="160258" status="PASS">
          <reporter-output>
          </reporter-output>
        </test-method> <!-- executeExcelTests -->
        <test-method is-config="true" signature="tearDown()[pri:0, instance:com.automation.testcases.TataCliqTestCases@6200f9cb]" started-at="2025-10-28T15:24:34 IST" name="tearDown" finished-at="2025-10-28T15:24:42 IST" duration-ms="8400" status="PASS">
          <reporter-output>
          </reporter-output>
        </test-method> <!-- tearDown -->
        <test-method is-config="true" signature="flushreport()[pri:0, instance:com.automation.testcases.TataCliqTestCases@6200f9cb]" started-at="2025-10-28T15:24:42 IST" name="flushreport" finished-at="2025-10-28T15:24:43 IST" duration-ms="809" status="PASS">
          <reporter-output>
          </reporter-output>
        </test-method> <!-- flushreport -->
      </class> <!-- com.automation.testcases.TataCliqTestCases -->
    </test> <!-- Default test -->
  </suite> <!-- Default suite -->
</testng-results>
